{'ID': 1,
 'name': 'Milan “Mickey” D. Milisich',
 'sex': 'male',
 'age': 70,
 'locations': ['Lordstown', 'Milan', 'Youngstown'],
 'spouse': 'Anita',
 'birth date': '1948',
 'death date': 'April 24, 2019',
 'funeral date': 'Saturday, April 27th, 2019'}

{'ID': 2,
 'name': 'Robert (Bob) A. Kahelin',
 'sex': 'male',
 'age': 87,
 'locations': ['Washington',
               'Celtics',
               'Georgia',
               'Fort Myers',
               'Centerville',
               'Fort Myers, FL',
               'America',
               'Osterville, MA',
               'Alamogordo, NM'],
 'spouse': 'Donna Kahelin',
 'birth date': None,
 'death date': 'April 20, 2019',
 'funeral date': None}

{'ID': 3,
 'name': 'Agnes Ann Skaggs',
 'sex': 'female',
 'age': 70,
 'locations': ['Washington D.C.',
               'Fort Myers, Florida',
               'Connecticut',
               'the Lehigh Acres, Florida',
               'earth',
               'Portsmouth, Ohio'],
 'spouse': 'Edward Tiers',
 'birth date': 'October 20, 1948',
 'death date': None,
 'funeral date': 'Friday April 5, 2019'}

{'ID': 4,
 'name': 'Helen S. Aigen',
 'sex': 'female',
 'age': None,
 'locations': ['Medellin',
               'Fort Myers, Florida',
               'the United States',
               'Colombia',
               'Colombia South America',
               'Stony Brook, New York',
               'U.S.'],
 'spouse': 'George Boehm',
 'birth date': None,
 'death date': 'Sunday, March 31, 2019',
 'funeral date': None}

{'ID': 5,
 'name': 'George H. Pfersch, Jr.',
 'sex': 'male',
 'age': 86,
 'locations': ['Fort Myers Beach, FL',
               'Fort Myers Beach',
               'Fort Myers',
               'Chester, New Jersey',
               'Newark, New Jersey'],
 'spouse': 'Maria Pfersch',
 'birth date': 'February 9, 1933',
 'death date': 'March 23, 2019',
 'funeral date': 'Thursday, March 28, 2019'}

{'ID': 6,
 'name': 'Christine Ann (Manino) Cooper',
 'sex': 'female',
 'age': 64,
 'locations': ['Riu',
               'Playa',
               'Fort Myers, FL',
               'Erie, PA',
               'Cooper',
               'Mexico',
               'Bahamas, Dominican Republic, San Andres Island'],
 'spouse': 'Charles Cooper',
 'birth date': 'September 2, 1954',
 'death date': 'Saturday, January 26',
 'funeral date': None}

{'ID': 7,
 'name': 'Mark Josef Leonardi',
 'sex': 'male',
 'age': 49,
 'locations': ['Sanibel', 'Plymouth, Massachusetts', 'the Gulf of Mexico'],
 'spouse': 'Lynn Kompinski',
 'birth date': 'February 22, 1969',
 'death date': 'Sunday December 30th',
 'funeral date': '33907'}

{'ID': 8,
 'name': 'Thomas Erwin McPherron',
 'sex': 'male',
 'age': 84,
 'locations': ['Bremen, Indiana',
               'Plymouth, Indiana',
               'Marshall County Indiana',
               'Fort Myers, Florida',
               'Crothersville, Indiana',
               'Argos, Indiana',
               'Anchorage, Alaska',
               'Tippecanoe, Indiana',
               'Lakeville, Bourbon, Tippecanoe'],
 'spouse': 'Mary Jo Pease McPherron',
 'birth date': 'January 25, 1934',
 'death date': 'December 30, 2018',
 'funeral date': 'Sunday, January 13, 2019'}

{'ID': 9,
 'name': 'Ruth Ellen Presson Neal',
 'sex': 'female',
 'age': 87,
 'locations': ['Boca Raton',
               'Mansfield, Arkansas',
               'Florida',
               'Fort Myers, Florida',
               'Fort Myers',
               'Fort'],
 'spouse': 'Leo Neal Jr.',
 'birth date': 'September 3rd, 1931',
 'death date': 'December 25th, 2018',
 'funeral date': None}

{'ID': 10,
 'name': 'Kevin Michael Rush',
 'sex': 'male',
 'age': 39,
 'locations': ['Kansas City, MO',
               'Hayden',
               'Iola KS',
               'Garnett KS',
               'Wichita KS'],
 'spouse': 'Lisa',
 'birth date': 'June 16th 1979',
 'death date': 'Friday December 14th, 2018',
 'funeral date': 'December 20, 2018'}

{'ID': 11,
 'name': 'Donald Raymond Bacci',
 'sex': 'male',
 'age': 35,
 'locations': ['Detroit, Michigan'],
 'spouse': 'Millicent',
 'birth date': '35+ years',
 'death date': None,
 'funeral date': None}

{'ID': 12,
 'name': 'John Glenn Walsh',
 'sex': 'male',
 'age': 82,
 'locations': ['Myers, Florida',
               'Missouri',
               'St. Louis',
               'Pine Bluff, Arkansas'],
 'spouse': 'Betty Sue Reed Walsh',
 'birth date': 'May 22, 1936',
 'death date': 'September 30, 2018',
 'funeral date': 'Thursday, October 4, 2018'}

{'ID': 13,
 'name': 'Shirley Parker Warren',
 'sex': 'female',
 'age': 80,
 'locations': ['Europe',
               'Miami, Florida',
               'Westborough',
               'Maine',
               'Westborough Massachusetts',
               'Bar Island',
               'Lindsy, Justin and JP'],
 'spouse': 'John Zito',
 'birth date': None,
 'death date': 'September 22, 2018',
 'funeral date': None}

{'ID': 14,
 'name': 'Rudd, Martha Cheek',
 'sex': 'female',
 'age': 91,
 'locations': ['Lexington, KY',
               'Manhattan, Kansas',
               'Wellesley, Massachusetts',
               'Fort Myers Florida',
               'Staunton, Virginia'],
 'spouse': 'Robert W. Rudd',
 'birth date': None,
 'death date': 'September 15, 2018',
 'funeral date': None}

{'ID': 15,
 'name': 'Lucille Dorine Vieira',
 'sex': 'female',
 'age': 91,
 'locations': ['Georgetown, Guyana',
               'Fort Myers, Florida',
               'Fairfax, Virginia'],
 'spouse': None,
 'birth date': 'November 14, 1926',
 'death date': 'September 14, 2018',
 'funeral date': None}

{'ID': 16,
 'name': 'John Thomas Bond, MD',
 'sex': 'male',
 'age': 85,
 'locations': ['California',
               'Milwaukee, Wi',
               'Independence, IA',
               'Duncombe, IA',
               'Austin, Alessandra, Lucca',
               'MD.'],
 'spouse': 'Laura',
 'birth date': 'December 12, 1932',
 'death date': 'September 13, 2018',
 'funeral date': None}

{'ID': 17,
 'name': 'Carmen Voli Doring',
 'sex': 'female',
 'age': 79,
 'locations': ['Cape Coral'],
 'spouse': None,
 'birth date': None,
 'death date': 'April 25, 2019',
 'funeral date': 'May 11, 2019'}

{'ID': 18,
 'name': 'Donna A. Galati',
 'sex': 'female',
 'age': 69,
 'locations': ['Italy, Crystal Lake, Illinois',
               'Marjorie',
               'Cape Coral, Florida',
               'Cape Coral, FL',
               'Taunton, Massachusetts'],
 'spouse': 'Lino',
 'birth date': 'December 15, 1949',
 'death date': 'April 25, 2019',
 'funeral date': 'May 6, 2019'}

{'ID': 19,
 'name': 'Robert "Bobby" Rittel',
 'sex': 'male',
 'age': 101,
 'locations': ['Cape Coral, Florida'],
 'spouse': None,
 'birth date': None,
 'death date': 'April 21, 2019',
 'funeral date': 'Sunday, April 28, 2019'}

{'ID': 20,
 'name': 'Natalie Kay Hutchison Kelley',
 'sex': 'female',
 'age': 43,
 'locations': ['Cape Coral, FL',
               'Lee County, Florida',
               'Colorado Springs, Colorado'],
 'spouse': None,
 'birth date': 'November 3rd, 1975',
 'death date': None,
 'funeral date': 'Saturday, April 27th, 2019'}

